<?xml version="1.0" encoding="UTF-8"?>
<testng-results skipped="0" failed="0" total="1" passed="1">
  <reporter-output>
  </reporter-output>
  <suite name="Suite" duration-ms="109858" started-at="2018-10-22T02:01:37Z" finished-at="2018-10-22T02:03:27Z">
    <groups>
    </groups>
    <test name="Test" duration-ms="109858" started-at="2018-10-22T02:01:37Z" finished-at="2018-10-22T02:03:27Z">
      <class name="com.taochejian.util.TestCar">
        <test-method status="PASS" signature="setUp()[pri:0, instance:com.taochejian.util.TestCar@17550481]" name="setUp" is-config="true" duration-ms="11444" started-at="2018-10-22T10:01:37Z" finished-at="2018-10-22T10:01:49Z">
          <reporter-output>
          </reporter-output>
        </test-method> <!-- setUp -->
        <test-method status="PASS" signature="pushTencen()[pri:0, instance:com.taochejian.util.TestCar@17550481]" name="pushTencen" duration-ms="95136" started-at="2018-10-22T10:01:49Z" finished-at="2018-10-22T10:03:24Z">
          <reporter-output>
          </reporter-output>
        </test-method> <!-- pushTencen -->
        <test-method status="PASS" signature="tearDown()[pri:0, instance:com.taochejian.util.TestCar@17550481]" name="tearDown" is-config="true" duration-ms="3262" started-at="2018-10-22T10:03:24Z" finished-at="2018-10-22T10:03:27Z">
          <reporter-output>
          </reporter-output>
        </test-method> <!-- tearDown -->
      </class> <!-- com.taochejian.util.TestCar -->
    </test> <!-- Test -->
  </suite> <!-- Suite -->
</testng-results>
