<?xml version="1.0" encoding="UTF-8"?>
<testsuite name="TestSuite" time="65.109" tests="1" errors="0" skipped="0" failures="1">
  <properties>
[...]
</properties>
  <testcase name="pushTencen" classname="com.taochejian.util.TestCar" time="65.109">
    <failure message="An element could not be located on the page using the given search parameters. (WARNING: The server did not provide any stacktrace information)&#10;Command duration or timeout: 17.15 seconds&#10;For documentation on this error, please visit: http://seleniumhq.org/exceptions/no_such_element.html&#10;Build info: version: &apos;3.4.0&apos;, revision: &apos;unknown&apos;, time: &apos;unknown&apos;&#10;System info: host: &apos;G8PSMC2&apos;, ip: &apos;169.254.135.2&apos;, os.name: &apos;Windows 7&apos;, os.arch: &apos;amd64&apos;, os.version: &apos;6.1&apos;, java.version: &apos;1.8.0_131&apos;&#10;Driver info: io.appium.java_client.android.AndroidDriver&#10;Capabilities [{appPackage=com.tencent.wework, deviceScreenSize=1080x1920, networkConnectionEnabled=true, recreateChromeDriverSessions=True, warnings={}, databaseEnabled=false, deviceName=16d5c53d, platform=LINUX, deviceUDID=16d5c53d, appActivity=com.tencent.wework.launch.LaunchSplashActivity, desired={appPackage=com.tencent.wework, appActivity=com.tencent.wework.launch.LaunchSplashActivity, recreateChromeDriverSessions=True, platformVersion=7.1.1, browserName=, unicodeKeyboard=true, platformName=Android, deviceName=16d5c53d, resetKeyboard=true}, platformVersion=7.1.1, webStorageEnabled=false, locationContextEnabled=false, takesScreenshot=true, browserName=, javascriptEnabled=true, deviceModel=MI MAX 2, unicodeKeyboard=true, platformName=Android, deviceManufacturer=Xiaomi, resetKeyboard=true}]&#10;Session ID: 8e91e860-44b1-4c1b-9662-45bd5e658427&#10;*** Element info: {Using=id, value=com.tencent.wework:id/c8s}" type="org.openqa.selenium.NoSuchElementException">org.openqa.selenium.NoSuchElementException: An element could not be located on the page using the given search parameters. (WARNING: The server did not provide any stacktrace information)
Command duration or timeout: 17.15 seconds
For documentation on this error, please visit: http://seleniumhq.org/exceptions/no_such_element.html
Build info: version: '3.4.0', revision: 'unknown', time: 'unknown'
System info: host: 'G8PSMC2', ip: '169.254.135.2', os.name: 'Windows 7', os.arch: 'amd64', os.version: '6.1', java.version: '1.8.0_131'
Driver info: io.appium.java_client.android.AndroidDriver
Capabilities [{appPackage=com.tencent.wework, deviceScreenSize=1080x1920, networkConnectionEnabled=true, recreateChromeDriverSessions=True, warnings={}, databaseEnabled=false, deviceName=16d5c53d, platform=LINUX, deviceUDID=16d5c53d, appActivity=com.tencent.wework.launch.LaunchSplashActivity, desired={appPackage=com.tencent.wework, appActivity=com.tencent.wework.launch.LaunchSplashActivity, recreateChromeDriverSessions=True, platformVersion=7.1.1, browserName=, unicodeKeyboard=true, platformName=Android, deviceName=16d5c53d, resetKeyboard=true}, platformVersion=7.1.1, webStorageEnabled=false, locationContextEnabled=false, takesScreenshot=true, browserName=, javascriptEnabled=true, deviceModel=MI MAX 2, unicodeKeyboard=true, platformName=Android, deviceManufacturer=Xiaomi, resetKeyboard=true}]
Session ID: 8e91e860-44b1-4c1b-9662-45bd5e658427
*** Element info: {Using=id, value=com.tencent.wework:id/c8s}
	at sun.reflect.NativeConstructorAccessorImpl.newInstance0(Native Method)
	at sun.reflect.NativeConstructorAccessorImpl.newInstance(NativeConstructorAccessorImpl.java:62)
	at sun.reflect.DelegatingConstructorAccessorImpl.newInstance(DelegatingConstructorAccessorImpl.java:45)
	at java.lang.reflect.Constructor.newInstance(Constructor.java:423)
	at org.openqa.selenium.remote.ErrorHandler.createThrowable(ErrorHandler.java:215)
	at org.openqa.selenium.remote.ErrorHandler.throwIfResponseFailed(ErrorHandler.java:167)
	at org.openqa.selenium.remote.RemoteWebDriver.execute(RemoteWebDriver.java:671)
	at io.appium.java_client.DefaultGenericMobileDriver.execute(DefaultGenericMobileDriver.java:42)
	at io.appium.java_client.AppiumDriver.execute(AppiumDriver.java:1)
	at io.appium.java_client.android.AndroidDriver.execute(AndroidDriver.java:1)
	at org.openqa.selenium.remote.RemoteWebDriver.findElement(RemoteWebDriver.java:410)
	at io.appium.java_client.DefaultGenericMobileDriver.findElement(DefaultGenericMobileDriver.java:62)
	at io.appium.java_client.AppiumDriver.findElement(AppiumDriver.java:1)
	at io.appium.java_client.android.AndroidDriver.findElement(AndroidDriver.java:1)
	at org.openqa.selenium.remote.RemoteWebDriver.findElementById(RemoteWebDriver.java:453)
	at io.appium.java_client.DefaultGenericMobileDriver.findElementById(DefaultGenericMobileDriver.java:70)
	at io.appium.java_client.AppiumDriver.findElementById(AppiumDriver.java:1)
	at io.appium.java_client.android.AndroidDriver.findElementById(AndroidDriver.java:1)
	at org.openqa.selenium.By$ById.findElement(By.java:218)
	at org.openqa.selenium.remote.RemoteWebDriver.findElement(RemoteWebDriver.java:402)
	at io.appium.java_client.DefaultGenericMobileDriver.findElement(DefaultGenericMobileDriver.java:58)
	at io.appium.java_client.AppiumDriver.findElement(AppiumDriver.java:1)
	at io.appium.java_client.android.AndroidDriver.findElement(AndroidDriver.java:1)
	at com.taochejian.util.TestCar.pushTencen(TestCar.java:52)
</failure>
    <system-out><![CDATA[[TestNGContentHandler] [WARN] It is strongly recommended to add "<!DOCTYPE suite SYSTEM "http://testng.org/testng-1.0.dtd" >" at the top of your file, otherwise TestNG may fail or not work as expected.
]]></system-out>
  </testcase>
</testsuite>