<?xml version="1.0" encoding="UTF-8"?>
<testng-results skipped="0" failed="0" total="1" passed="1">
  <reporter-output>
  </reporter-output>
  <suite name="Suite" duration-ms="160492" started-at="2019-04-11T10:08:25Z" finished-at="2019-04-11T10:11:06Z">
    <groups>
    </groups>
    <test name="Test" duration-ms="160492" started-at="2019-04-11T10:08:25Z" finished-at="2019-04-11T10:11:06Z">
      <class name="com.taochejian.util.TestCar">
        <test-method status="PASS" signature="setUp()[pri:0, instance:com.taochejian.util.TestCar@dfd3711]" name="setUp" is-config="true" duration-ms="13679" started-at="2019-04-11T18:08:25Z" finished-at="2019-04-11T18:08:39Z">
          <reporter-output>
          </reporter-output>
        </test-method> <!-- setUp -->
        <test-method status="PASS" signature="pushTencen()[pri:0, instance:com.taochejian.util.TestCar@dfd3711]" name="pushTencen" duration-ms="143793" started-at="2019-04-11T18:08:39Z" finished-at="2019-04-11T18:11:03Z">
          <reporter-output>
          </reporter-output>
        </test-method> <!-- pushTencen -->
        <test-method status="PASS" signature="tearDown()[pri:0, instance:com.taochejian.util.TestCar@dfd3711]" name="tearDown" is-config="true" duration-ms="2998" started-at="2019-04-11T18:11:03Z" finished-at="2019-04-11T18:11:06Z">
          <reporter-output>
          </reporter-output>
        </test-method> <!-- tearDown -->
      </class> <!-- com.taochejian.util.TestCar -->
    </test> <!-- Test -->
  </suite> <!-- Suite -->
</testng-results>
